Using pre-set license
Built from '2021.3/staging' branch; Version is '2021.3.23f1 (213b516bf396) revision 2177873'; Using compiler version '192829333'; Build Type 'Release'
OS: 'Windows 11  (10.0.22631) 64bit CoreSingleLanguage' Language: 'en' Physical Memory: 16069 MB
BatchMode: 1, IsHumanControllingUs: 0, StartBugReporterOnCrash: 0, Is64bit: 1, IsPro: 1

COMMAND LINE ARGUMENTS:
C:\Program Files\Unity\Hub\Editor\2021.3.23f1\Editor\Unity.exe
-adb2
-batchMode
-noUpm
-name
AssetImportWorker0
-projectPath
E:/GitHub/Junior-Programmer-Unity/Create With Code/Counting Prototype
-logFile
Logs/AssetImportWorker0.log
-srvPort
53783
Successfully changed project path to: E:/GitHub/Junior-Programmer-Unity/Create With Code/Counting Prototype
E:/GitHub/Junior-Programmer-Unity/Create With Code/Counting Prototype
[UnityMemory] Configuration Parameters - Can be set up in boot.config
    "memorysetup-bucket-allocator-granularity=16"
    "memorysetup-bucket-allocator-bucket-count=8"
    "memorysetup-bucket-allocator-block-size=33554432"
    "memorysetup-bucket-allocator-block-count=8"
    "memorysetup-main-allocator-block-size=16777216"
    "memorysetup-thread-allocator-block-size=16777216"
    "memorysetup-gfx-main-allocator-block-size=16777216"
    "memorysetup-gfx-thread-allocator-block-size=16777216"
    "memorysetup-cache-allocator-block-size=4194304"
    "memorysetup-typetree-allocator-block-size=2097152"
    "memorysetup-profiler-bucket-allocator-granularity=16"
    "memorysetup-profiler-bucket-allocator-bucket-count=8"
    "memorysetup-profiler-bucket-allocator-block-size=33554432"
    "memorysetup-profiler-bucket-allocator-block-count=8"
    "memorysetup-profiler-allocator-block-size=16777216"
    "memorysetup-profiler-editor-allocator-block-size=1048576"
    "memorysetup-temp-allocator-size-main=16777216"
    "memorysetup-job-temp-allocator-block-size=2097152"
    "memorysetup-job-temp-allocator-block-size-background=1048576"
    "memorysetup-job-temp-allocator-reduction-small-platforms=262144"
    "memorysetup-temp-allocator-size-background-worker=32768"
    "memorysetup-temp-allocator-size-job-worker=262144"
    "memorysetup-temp-allocator-size-preload-manager=33554432"
    "memorysetup-temp-allocator-size-nav-mesh-worker=65536"
    "memorysetup-temp-allocator-size-audio-worker=65536"
    "memorysetup-temp-allocator-size-cloud-worker=32768"
    "memorysetup-temp-allocator-size-gi-baking-worker=262144"
    "memorysetup-temp-allocator-size-gfx=262144"
Player connection [15052] Host "[IP] 192.168.0.135 [Port] 0 [Flags] 2 [Guid] 1333610955 [EditorId] 1333610955 [Version] 1048832 [Id] WindowsEditor(7,Home) [Debug] 1 [PackageName] WindowsEditor [ProjectName] Editor" joined multi-casting on [225.0.0.222:54997]...

Player connection [15052] Host "[IP] 192.168.0.135 [Port] 0 [Flags] 2 [Guid] 1333610955 [EditorId] 1333610955 [Version] 1048832 [Id] WindowsEditor(7,Home) [Debug] 1 [PackageName] WindowsEditor [ProjectName] Editor" joined alternative multi-casting on [225.0.0.222:34997]...

Refreshing native plugins compatible for Editor in 50.75 ms, found 3 plugins.
Preloading 0 native plugins for Editor in 0.00 ms.
Initialize engine version: 2021.3.23f1 (213b516bf396)
[Subsystems] Discovering subsystems at path C:/Program Files/Unity/Hub/Editor/2021.3.23f1/Editor/Data/Resources/UnitySubsystems
[Subsystems] Discovering subsystems at path E:/GitHub/Junior-Programmer-Unity/Create With Code/Counting Prototype/Assets
GfxDevice: creating device client; threaded=0; jobified=0
Direct3D:
    Version:  Direct3D 11.0 [level 11.1]
    Renderer: Intel(R) Iris(R) Xe Graphics (ID=0x46a6)
    Vendor:   Intel
    VRAM:     8034 MB
    Driver:   31.0.101.4255
Initialize mono
Mono path[0] = 'C:/Program Files/Unity/Hub/Editor/2021.3.23f1/Editor/Data/Managed'
Mono path[1] = 'C:/Program Files/Unity/Hub/Editor/2021.3.23f1/Editor/Data/MonoBleedingEdge/lib/mono/unityjit-win32'
Mono config path = 'C:/Program Files/Unity/Hub/Editor/2021.3.23f1/Editor/Data/MonoBleedingEdge/etc'
Using monoOptions --debugger-agent=transport=dt_socket,embedding=1,server=y,suspend=n,address=127.0.0.1:56216
Begin MonoManager ReloadAssembly
Registering precompiled unity dll's ...
Register platform support module: C:/Program Files/Unity/Hub/Editor/2021.3.23f1/Editor/Data/PlaybackEngines/WebGLSupport/UnityEditor.WebGL.Extensions.dll
Register platform support module: C:/Program Files/Unity/Hub/Editor/2021.3.23f1/Editor/Data/PlaybackEngines/WindowsStandaloneSupport/UnityEditor.WindowsStandalone.Extensions.dll
Register platform support module: C:/Program Files/Unity/Hub/Editor/2021.3.23f1/Editor/Data/PlaybackEngines/MetroSupport/UnityEditor.UWP.Extensions.dll
Registered in 0.004351 seconds.
Native extension for UWP target not found
Native extension for WindowsStandalone target not found
Native extension for WebGL target not found
Refreshing native plugins compatible for Editor in 53.54 ms, found 3 plugins.
Preloading 0 native plugins for Editor in 0.00 ms.
Mono: successfully reloaded assembly
- Completed reload, in  0.439 seconds
Domain Reload Profiling:
	ReloadAssembly (440ms)
		BeginReloadAssembly (60ms)
			ExecutionOrderSort (0ms)
			DisableScriptedObjects (0ms)
			BackupInstance (0ms)
			ReleaseScriptingObjects (0ms)
			CreateAndSetChildDomain (1ms)
		EndReloadAssembly (310ms)
			LoadAssemblies (58ms)
			RebuildTransferFunctionScriptingTraits (0ms)
			SetupTypeCache (74ms)
			ReleaseScriptCaches (0ms)
			RebuildScriptCaches (23ms)
			SetupLoadedEditorAssemblies (177ms)
				LogAssemblyErrors (0ms)
				InitializePlatformSupportModulesInManaged (7ms)
				SetLoadedEditorAssemblies (0ms)
				RefreshPlugins (54ms)
				BeforeProcessingInitializeOnLoad (1ms)
				ProcessInitializeOnLoadAttributes (83ms)
				ProcessInitializeOnLoadMethodAttributes (32ms)
				AfterProcessingInitializeOnLoad (0ms)
				EditorAssembliesLoaded (0ms)
			ExecutionOrderSort2 (0ms)
			AwakeInstancesAfterBackupRestoration (0ms)
Platform modules already initialized, skipping
Registering precompiled user dll's ...
Registered in 0.003778 seconds.
Begin MonoManager ReloadAssembly
Symbol file LoadedFromMemory doesn't match image E:\GitHub\Junior-Programmer-Unity\Create With Code\Counting Prototype\Library\PackageCache\com.unity.visualscripting@1.8.0\Editor\VisualScripting.Core\Dependencies\YamlDotNet\Unity.VisualScripting.YamlDotNet.dll
Symbol file LoadedFromMemory doesn't match image E:\GitHub\Junior-Programmer-Unity\Create With Code\Counting Prototype\Library\PackageCache\com.unity.visualscripting@1.8.0\Editor\VisualScripting.Core\Dependencies\DotNetZip\Unity.VisualScripting.IonicZip.dll
Native extension for UWP target not found
Native extension for WindowsStandalone target not found
Native extension for WebGL target not found
Refreshing native plugins compatible for Editor in 0.34 ms, found 3 plugins.
Preloading 0 native plugins for Editor in 0.00 ms.
Mono: successfully reloaded assembly
- Completed reload, in  0.696 seconds
Domain Reload Profiling:
	ReloadAssembly (1341ms)
		BeginReloadAssembly (733ms)
			ExecutionOrderSort (0ms)
			DisableScriptedObjects (4ms)
			BackupInstance (0ms)
			ReleaseScriptingObjects (0ms)
			CreateAndSetChildDomain (16ms)
		EndReloadAssembly (529ms)
			LoadAssemblies (62ms)
			RebuildTransferFunctionScriptingTraits (0ms)
			SetupTypeCache (177ms)
			ReleaseScriptCaches (0ms)
			RebuildScriptCaches (33ms)
			SetupLoadedEditorAssemblies (232ms)
				LogAssemblyErrors (0ms)
				InitializePlatformSupportModulesInManaged (6ms)
				SetLoadedEditorAssemblies (0ms)
				RefreshPlugins (0ms)
				BeforeProcessingInitializeOnLoad (56ms)
				ProcessInitializeOnLoadAttributes (152ms)
				ProcessInitializeOnLoadMethodAttributes (13ms)
				AfterProcessingInitializeOnLoad (5ms)
				EditorAssembliesLoaded (0ms)
			ExecutionOrderSort2 (0ms)
			AwakeInstancesAfterBackupRestoration (5ms)
Platform modules already initialized, skipping
========================================================================
Worker process is ready to serve import requests
Launched and connected shader compiler UnityShaderCompiler.exe after 0.04 seconds
Refreshing native plugins compatible for Editor in 0.49 ms, found 3 plugins.
Preloading 0 native plugins for Editor in 0.00 ms.
Unloading 3069 Unused Serialized files (Serialized files now loaded: 0)
Unloading 23 unused Assets / (56.2 KB). Loaded Objects now: 3532.
Memory consumption went from 108.6 MB to 108.5 MB.
Total: 2.690900 ms (FindLiveObjects: 0.194000 ms CreateObjectMapping: 0.080500 ms MarkObjects: 2.361300 ms  DeleteObjects: 0.054000 ms)

AssetImportParameters requested are different than current active one (requested -> active):
  custom:video-decoder-ogg-theora: a1e56fd34408186e4bbccfd4996cb3dc -> 
  custom:container-muxer-webm: aa71ff27fc2769a1b78a27578f13a17b -> 
  custom:container-demuxer-webm: 4f35f7cbe854078d1ac9338744f61a02 -> 
  custom:video-encoder-webm-vp8: eb34c28f22e8b96e1ab97ce403110664 -> 
  custom:audio-encoder-webm-vorbis: bf7c407c2cedff20999df2af8eb42d56 -> 
  custom:framework-win-MediaFoundation: 216162199b28c13a410421893ffa2e32 -> 
  custom:container-demuxer-ogg: 62fdf1f143b41e24485cea50d1cbac27 -> 
  custom:video-decoder-webm-vp8: 9c59270c3fd7afecdb556c50c9e8de78 -> 
  custom:audio-decoder-ogg-vorbis: bf7c407c2cedff20999df2af8eb42d56 -> 
========================================================================
Received Import Request.
  Time since last request: 1488818.929387 seconds.
  path: Assets/Assets Store/Pixel Skies DEMO/Pixel Skies 240x135px/demo04_PixelSky.png
  artifactKey: Guid(d5195c18a9a87014da4daca597d44a77) Importer(815301076,1909f56bfc062723c751e8b465ee728b)
Start importing Assets/Assets Store/Pixel Skies DEMO/Pixel Skies 240x135px/demo04_PixelSky.png using Guid(d5195c18a9a87014da4daca597d44a77) Importer(815301076,1909f56bfc062723c751e8b465ee728b)  -> (artifact id: '3805ea9c8e4811bf4617f50ac961995d') in 0.102987 seconds 
========================================================================
Received Import Request.
  Time since last request: 0.000025 seconds.
  path: Assets/Assets Store/Pixel Skies DEMO/Pixel Skies 240x135px/demo06_PixelSky.png
  artifactKey: Guid(f6cc67ab8870dda4dbc253117214730e) Importer(815301076,1909f56bfc062723c751e8b465ee728b)
Start importing Assets/Assets Store/Pixel Skies DEMO/Pixel Skies 240x135px/demo06_PixelSky.png using Guid(f6cc67ab8870dda4dbc253117214730e) Importer(815301076,1909f56bfc062723c751e8b465ee728b)  -> (artifact id: '9950d6530e3b97cec45860934cc8d206') in 0.034634 seconds 
========================================================================
Received Import Request.
  Time since last request: 38.678818 seconds.
  path: Assets/Assets Store/Game_music/With love from Vertex Studio (2).mp3
  artifactKey: Guid(051168dd3f18b614cb273426a6521fb5) Importer(815301076,1909f56bfc062723c751e8b465ee728b)
Start importing Assets/Assets Store/Game_music/With love from Vertex Studio (2).mp3 using Guid(051168dd3f18b614cb273426a6521fb5) Importer(815301076,1909f56bfc062723c751e8b465ee728b)  -> (artifact id: 'a85f99eb72e6907c76536fbad846ea01') in 0.498223 seconds 
========================================================================
Received Import Request.
  Time since last request: 0.000023 seconds.
  path: Assets/Assets Store/Game_music/With love from Vertex Studio (9).mp3
  artifactKey: Guid(d65707d0dde556441b074e7e98afff15) Importer(815301076,1909f56bfc062723c751e8b465ee728b)
Start importing Assets/Assets Store/Game_music/With love from Vertex Studio (9).mp3 using Guid(d65707d0dde556441b074e7e98afff15) Importer(815301076,1909f56bfc062723c751e8b465ee728b)  -> (artifact id: '2c9c121c036015f7a5e02507f2ed90c7') in 0.029412 seconds 
========================================================================
Received Import Request.
  Time since last request: 0.000035 seconds.
  path: Assets/Assets Store/Game_music/With love from Vertex Studio (36).mp3
  artifactKey: Guid(0abd1b46f559d534b9ecf345dc1b3e94) Importer(815301076,1909f56bfc062723c751e8b465ee728b)
Start importing Assets/Assets Store/Game_music/With love from Vertex Studio (36).mp3 using Guid(0abd1b46f559d534b9ecf345dc1b3e94) Importer(815301076,1909f56bfc062723c751e8b465ee728b)  -> (artifact id: 'ebd7c8e1e68b2a0c5b888f42c998b445') in 0.031348 seconds 
========================================================================
Received Import Request.
  Time since last request: 0.000021 seconds.
  path: Assets/Assets Store/Game_music/With love from Vertex Studio (27).mp3
  artifactKey: Guid(e7cfb4d9a5d46bb4d88d914cfe3c5030) Importer(815301076,1909f56bfc062723c751e8b465ee728b)
Start importing Assets/Assets Store/Game_music/With love from Vertex Studio (27).mp3 using Guid(e7cfb4d9a5d46bb4d88d914cfe3c5030) Importer(815301076,1909f56bfc062723c751e8b465ee728b)  -> (artifact id: '839137b1cc19577355dd7d8c3569e1e9') in 0.028650 seconds 
========================================================================
Received Import Request.
  Time since last request: 0.000020 seconds.
  path: Assets/Assets Store/Game_music/With love from Vertex Studio (24).mp3
  artifactKey: Guid(d1c87f15cecb03c43b7d66eeba2c70ed) Importer(815301076,1909f56bfc062723c751e8b465ee728b)
Start importing Assets/Assets Store/Game_music/With love from Vertex Studio (24).mp3 using Guid(d1c87f15cecb03c43b7d66eeba2c70ed) Importer(815301076,1909f56bfc062723c751e8b465ee728b)  -> (artifact id: '198d05052e3ebaff69e31a413a8cf5e3') in 0.030494 seconds 
========================================================================
Received Import Request.
  Time since last request: 0.000030 seconds.
  path: Assets/Assets Store/Game_music/With love from Vertex Studio (37).mp3
  artifactKey: Guid(d834da361ac718f40a50b9b24eff160b) Importer(815301076,1909f56bfc062723c751e8b465ee728b)
Start importing Assets/Assets Store/Game_music/With love from Vertex Studio (37).mp3 using Guid(d834da361ac718f40a50b9b24eff160b) Importer(815301076,1909f56bfc062723c751e8b465ee728b)  -> (artifact id: '9a273afa324526e415cd643ac4579f3f') in 0.025104 seconds 
========================================================================
Received Import Request.
  Time since last request: 0.000030 seconds.
  path: Assets/Assets Store/Game_music/With love from Vertex Studio (13).mp3
  artifactKey: Guid(58ceb12f5a5c3114089789a111f60758) Importer(815301076,1909f56bfc062723c751e8b465ee728b)
Start importing Assets/Assets Store/Game_music/With love from Vertex Studio (13).mp3 using Guid(58ceb12f5a5c3114089789a111f60758) Importer(815301076,1909f56bfc062723c751e8b465ee728b)  -> (artifact id: '649d957bde7789d2a5edb3f74242998c') in 0.028271 seconds 
========================================================================
Received Import Request.
  Time since last request: 0.000027 seconds.
  path: Assets/Assets Store/Game_music/With love from Vertex Studio (11).mp3
  artifactKey: Guid(34394f556e8b02e4185d357ff6ab6f26) Importer(815301076,1909f56bfc062723c751e8b465ee728b)
Start importing Assets/Assets Store/Game_music/With love from Vertex Studio (11).mp3 using Guid(34394f556e8b02e4185d357ff6ab6f26) Importer(815301076,1909f56bfc062723c751e8b465ee728b)  -> (artifact id: '2283668c5a71fd06ed596e1662e8465f') in 0.030225 seconds 
========================================================================
Received Import Request.
  Time since last request: 0.000025 seconds.
  path: Assets/Assets Store/Game_music/With love from Vertex Studio (33).mp3
  artifactKey: Guid(7f02baf9ae301f24d9f4a8f5d4f1feaa) Importer(815301076,1909f56bfc062723c751e8b465ee728b)
Start importing Assets/Assets Store/Game_music/With love from Vertex Studio (33).mp3 using Guid(7f02baf9ae301f24d9f4a8f5d4f1feaa) Importer(815301076,1909f56bfc062723c751e8b465ee728b)  -> (artifact id: '4595ec45bf5e7b362e3c5c54ac7ff0f7') in 0.027364 seconds 
========================================================================
Received Import Request.
  Time since last request: 0.000029 seconds.
  path: Assets/Assets Store/Game_music/With love from Vertex Studio (5).mp3
  artifactKey: Guid(cba2538823e42d74ba4b921713d27f3d) Importer(815301076,1909f56bfc062723c751e8b465ee728b)
Start importing Assets/Assets Store/Game_music/With love from Vertex Studio (5).mp3 using Guid(cba2538823e42d74ba4b921713d27f3d) Importer(815301076,1909f56bfc062723c751e8b465ee728b)  -> (artifact id: '5cd02a220715dd36e1aefd9c0143d88f') in 0.025486 seconds 
========================================================================
Received Import Request.
  Time since last request: 0.000036 seconds.
  path: Assets/Assets Store/Game_music/With love from Vertex Studio (21).mp3
  artifactKey: Guid(30dd1c9e0f80b8c41a66e325c4f6884f) Importer(815301076,1909f56bfc062723c751e8b465ee728b)
Start importing Assets/Assets Store/Game_music/With love from Vertex Studio (21).mp3 using Guid(30dd1c9e0f80b8c41a66e325c4f6884f) Importer(815301076,1909f56bfc062723c751e8b465ee728b)  -> (artifact id: '75b0626a16d8394e07cd68f6875af32b') in 0.036956 seconds 
========================================================================
Received Import Request.
  Time since last request: 0.000024 seconds.
  path: Assets/Assets Store/Game_music/With love from Vertex Studio (4).mp3
  artifactKey: Guid(e0042aeb89a628345b0f0ebabb4db95f) Importer(815301076,1909f56bfc062723c751e8b465ee728b)
Start importing Assets/Assets Store/Game_music/With love from Vertex Studio (4).mp3 using Guid(e0042aeb89a628345b0f0ebabb4db95f) Importer(815301076,1909f56bfc062723c751e8b465ee728b)  -> (artifact id: '275b3b36a71b653ce4aebebb031bf665') in 0.024931 seconds 
========================================================================
Received Import Request.
  Time since last request: 13.662314 seconds.
  path: Assets/Assets Store/Game_music/With love from Vertex Studio (39).mp3
  artifactKey: Guid(55d4633165ab2e14585a6583320876a7) Importer(815301076,1909f56bfc062723c751e8b465ee728b)
Start importing Assets/Assets Store/Game_music/With love from Vertex Studio (39).mp3 using Guid(55d4633165ab2e14585a6583320876a7) Importer(815301076,1909f56bfc062723c751e8b465ee728b)  -> (artifact id: '27d15a81042ebe7f65c72360a58e3f3e') in 0.045385 seconds 
Editor requested this worker to shutdown with reason: Scaling down because of idle timeout
AssetImportWorker is now disconnected from the server
Process exiting
Exiting without the bug reporter. Application will terminate with return code 0